> SF:/home/detectivelyw/Documents/projects/tracks/linux-stable/fs/dcache.c: 2455
> SF:/home/detectivelyw/Documents/projects/tracks/linux-stable/fs/dcache.c: 2459
> SF:/home/detectivelyw/Documents/projects/tracks/linux-stable/fs/dcache.c: 2465
> SF:/home/detectivelyw/Documents/projects/tracks/linux-stable/fs/dcache.c: 2466
> SF:/home/detectivelyw/Documents/projects/tracks/linux-stable/fs/dcache.c: 2534
> SF:/home/detectivelyw/Documents/projects/tracks/linux-stable/fs/dcache.c: 2535
> SF:/home/detectivelyw/Documents/projects/tracks/linux-stable/include/net/inet_hashtables.h: 197
> SF:/home/detectivelyw/Documents/projects/tracks/linux-stable/include/net/inet_hashtables.h: 305
> SF:/home/detectivelyw/Documents/projects/tracks/linux-stable/include/net/inet_hashtables.h: 313
> SF:/home/detectivelyw/Documents/projects/tracks/linux-stable/include/net/inet_hashtables.h: 316
> SF:/home/detectivelyw/Documents/projects/tracks/linux-stable/include/net/inet_hashtables.h: 318
> SF:/home/detectivelyw/Documents/projects/tracks/linux-stable/include/net/inet_hashtables.h: 319
> SF:/home/detectivelyw/Documents/projects/tracks/linux-stable/include/net/inet_hashtables.h: 321
> SF:/home/detectivelyw/Documents/projects/tracks/linux-stable/include/net/inet_hashtables.h: 322
> SF:/home/detectivelyw/Documents/projects/tracks/linux-stable/include/net/inet_hashtables.h: 359
> SF:/home/detectivelyw/Documents/projects/tracks/linux-stable/net/netfilter/nf_conntrack_proto_tcp.c: 1005
> SF:/home/detectivelyw/Documents/projects/tracks/linux-stable/net/ipv4/tcp_ipv4.c: 596
> SF:/home/detectivelyw/Documents/projects/tracks/linux-stable/net/ipv4/tcp_ipv4.c: 616
> SF:/home/detectivelyw/Documents/projects/tracks/linux-stable/net/ipv4/tcp_ipv4.c: 622
> SF:/home/detectivelyw/Documents/projects/tracks/linux-stable/net/ipv4/tcp_ipv4.c: 627
> SF:/home/detectivelyw/Documents/projects/tracks/linux-stable/net/ipv4/tcp_ipv4.c: 628
> SF:/home/detectivelyw/Documents/projects/tracks/linux-stable/net/ipv4/tcp_ipv4.c: 629
> SF:/home/detectivelyw/Documents/projects/tracks/linux-stable/net/ipv4/tcp_ipv4.c: 630
> SF:/home/detectivelyw/Documents/projects/tracks/linux-stable/net/ipv4/tcp_ipv4.c: 632
> SF:/home/detectivelyw/Documents/projects/tracks/linux-stable/net/ipv4/tcp_ipv4.c: 633
> SF:/home/detectivelyw/Documents/projects/tracks/linux-stable/net/ipv4/tcp_ipv4.c: 641
> SF:/home/detectivelyw/Documents/projects/tracks/linux-stable/net/ipv4/tcp_ipv4.c: 642
> SF:/home/detectivelyw/Documents/projects/tracks/linux-stable/net/ipv4/tcp_ipv4.c: 644
> SF:/home/detectivelyw/Documents/projects/tracks/linux-stable/net/ipv4/tcp_ipv4.c: 647
> SF:/home/detectivelyw/Documents/projects/tracks/linux-stable/net/ipv4/tcp_ipv4.c: 648
> SF:/home/detectivelyw/Documents/projects/tracks/linux-stable/net/ipv4/tcp_ipv4.c: 651
> SF:/home/detectivelyw/Documents/projects/tracks/linux-stable/net/ipv4/tcp_ipv4.c: 680
> SF:/home/detectivelyw/Documents/projects/tracks/linux-stable/net/ipv4/tcp_ipv4.c: 694
> SF:/home/detectivelyw/Documents/projects/tracks/linux-stable/net/ipv4/tcp_ipv4.c: 696
> SF:/home/detectivelyw/Documents/projects/tracks/linux-stable/net/ipv4/tcp_ipv4.c: 697
> SF:/home/detectivelyw/Documents/projects/tracks/linux-stable/net/ipv4/tcp_ipv4.c: 698
> SF:/home/detectivelyw/Documents/projects/tracks/linux-stable/net/ipv4/tcp_ipv4.c: 704
> SF:/home/detectivelyw/Documents/projects/tracks/linux-stable/net/ipv4/tcp_ipv4.c: 710
> SF:/home/detectivelyw/Documents/projects/tracks/linux-stable/net/ipv4/tcp_ipv4.c: 711
> SF:/home/detectivelyw/Documents/projects/tracks/linux-stable/net/ipv4/tcp_ipv4.c: 713
> SF:/home/detectivelyw/Documents/projects/tracks/linux-stable/net/ipv4/tcp_ipv4.c: 714
> SF:/home/detectivelyw/Documents/projects/tracks/linux-stable/net/ipv4/tcp_ipv4.c: 716
> SF:/home/detectivelyw/Documents/projects/tracks/linux-stable/net/ipv4/tcp_ipv4.c: 718
> SF:/home/detectivelyw/Documents/projects/tracks/linux-stable/net/ipv4/tcp_ipv4.c: 719
> SF:/home/detectivelyw/Documents/projects/tracks/linux-stable/net/ipv4/tcp_ipv4.c: 720
> SF:/home/detectivelyw/Documents/projects/tracks/linux-stable/net/ipv4/tcp_ipv4.c: 1754
> SF:/home/detectivelyw/Documents/projects/tracks/linux-stable/net/ipv4/tcp_ipv4.c: 1757
> SF:/home/detectivelyw/Documents/projects/tracks/linux-stable/net/ipv4/tcp_ipv4.c: 1759
> SF:/home/detectivelyw/Documents/projects/tracks/linux-stable/net/ipv4/tcp_ipv4.c: 1765
> SF:/home/detectivelyw/Documents/projects/tracks/linux-stable/include/net/tcp.h: 877
> SF:/home/detectivelyw/Documents/projects/tracks/linux-stable/include/net/tcp.h: 880
> SF:/home/detectivelyw/Documents/projects/tracks/linux-stable/include/net/tcp.h: 881
> SF:/home/detectivelyw/Documents/projects/tracks/linux-stable/include/net/tcp.h: 1610
> SF:/home/detectivelyw/Documents/projects/tracks/linux-stable/net/netfilter/nf_nat_core.c: 176
> SF:/home/detectivelyw/Documents/projects/tracks/linux-stable/net/netfilter/nf_nat_core.c: 182
> SF:/home/detectivelyw/Documents/projects/tracks/linux-stable/net/netfilter/nf_nat_core.c: 183
> SF:/home/detectivelyw/Documents/projects/tracks/linux-stable/net/netfilter/nf_nat_core.c: 201
> SF:/home/detectivelyw/Documents/projects/tracks/linux-stable/net/ipv4/inet_hashtables.c: 210
> SF:/home/detectivelyw/Documents/projects/tracks/linux-stable/net/ipv4/inet_hashtables.c: 217
> SF:/home/detectivelyw/Documents/projects/tracks/linux-stable/net/ipv4/inet_hashtables.c: 220
> SF:/home/detectivelyw/Documents/projects/tracks/linux-stable/net/ipv4/inet_hashtables.c: 224
